2024-07-30 08:36:28,117:INFO:musica: Image padded from [2000,2000] to [2048,2048]
2024-07-30 08:36:28,369:INFO:musica: Finished creating Gaussian Pyramid
2024-07-30 08:36:28,730:INFO:musica: Finished creating Laplacian pyramid
2024-07-30 08:36:28,730:INFO:musica: Modifying Layer 0
2024-07-30 08:36:28,964:INFO:musica: Modifying Layer 1
2024-07-30 08:36:29,035:INFO:musica: Modifying Layer 2
2024-07-30 08:36:29,054:INFO:musica: Modifying Layer 3
2024-07-30 08:36:29,054:INFO:musica: Modifying Layer 4
2024-07-30 08:36:29,064:INFO:musica: Modifying Layer 5
2024-07-30 08:36:29,065:INFO:musica: Modifying Layer 6
2024-07-30 08:36:29,090:INFO:musica: Modifying Layer 7
2024-07-30 08:36:29,090:INFO:musica: Modifying Layer 8
2024-07-30 08:36:29,090:INFO:musica: Modifying Layer 9
2024-07-30 08:36:29,090:INFO:musica: Modifying Layer 10
2024-07-30 08:36:29,427:INFO:musica: Finished reconstructing image from modified pyramid
2024-07-30 08:48:53,218:INFO:musica: Image padded from [2000,2000] to [2048,2048]
2024-07-30 08:48:53,501:INFO:musica: Finished creating Gaussian Pyramid
2024-07-30 08:48:53,832:INFO:musica: Finished creating Laplacian pyramid
2024-07-30 08:48:53,832:INFO:musica: Modifying Layer 0
2024-07-30 08:48:54,076:INFO:musica: Modifying Layer 1
2024-07-30 08:48:54,158:INFO:musica: Modifying Layer 2
2024-07-30 08:48:54,175:INFO:musica: Modifying Layer 3
2024-07-30 08:48:54,183:INFO:musica: Modifying Layer 4
2024-07-30 08:48:54,188:INFO:musica: Modifying Layer 5
2024-07-30 08:48:54,188:INFO:musica: Modifying Layer 6
2024-07-30 08:48:54,188:INFO:musica: Modifying Layer 7
2024-07-30 08:48:54,188:INFO:musica: Modifying Layer 8
2024-07-30 08:48:54,188:INFO:musica: Modifying Layer 9
2024-07-30 08:48:54,188:INFO:musica: Modifying Layer 10
2024-07-30 08:48:54,571:INFO:musica: Finished reconstructing image from modified pyramid
2024-07-30 08:49:57,271:INFO:musica: Image padded from [2000,2000] to [2048,2048]
2024-07-30 08:49:57,518:INFO:musica: Finished creating Gaussian Pyramid
2024-07-30 08:49:57,860:INFO:musica: Finished creating Laplacian pyramid
2024-07-30 08:49:57,860:INFO:musica: Modifying Layer 0
2024-07-30 08:49:58,147:INFO:musica: Modifying Layer 1
2024-07-30 08:49:58,200:INFO:musica: Modifying Layer 2
2024-07-30 08:49:58,225:INFO:musica: Modifying Layer 3
2024-07-30 08:49:58,229:INFO:musica: Modifying Layer 4
2024-07-30 08:49:58,233:INFO:musica: Modifying Layer 5
2024-07-30 08:49:58,233:INFO:musica: Modifying Layer 6
2024-07-30 08:49:58,233:INFO:musica: Modifying Layer 7
2024-07-30 08:49:58,233:INFO:musica: Modifying Layer 8
2024-07-30 08:49:58,233:INFO:musica: Modifying Layer 9
2024-07-30 08:49:58,233:INFO:musica: Modifying Layer 10
2024-07-30 08:49:58,563:INFO:musica: Finished reconstructing image from modified pyramid
2024-07-30 08:51:22,445:INFO:musica: Image padded from [146,194] to [256,256]
2024-07-30 08:51:22,455:INFO:musica: Finished creating Gaussian Pyramid
2024-07-30 08:51:22,460:INFO:musica: Finished creating Laplacian pyramid
2024-07-30 08:51:22,460:INFO:musica: Modifying Layer 0
2024-07-30 08:51:22,463:INFO:musica: Modifying Layer 1
2024-07-30 08:51:22,463:INFO:musica: Modifying Layer 2
2024-07-30 08:51:22,463:INFO:musica: Modifying Layer 3
2024-07-30 08:51:22,463:INFO:musica: Modifying Layer 4
2024-07-30 08:51:22,463:INFO:musica: Modifying Layer 5
2024-07-30 08:51:22,463:INFO:musica: Modifying Layer 6
2024-07-30 08:51:22,463:INFO:musica: Modifying Layer 7
2024-07-30 08:51:22,463:INFO:musica: Modifying Layer 8
2024-07-30 08:51:22,463:INFO:musica: Modifying Layer 9
2024-07-30 08:51:22,463:INFO:musica: Modifying Layer 10
2024-07-30 08:54:27,606:INFO:musica: Image padded from [146,194] to [256,256]
2024-07-30 08:54:27,611:INFO:musica: Finished creating Gaussian Pyramid
2024-07-30 08:54:27,611:INFO:musica: Finished creating Laplacian pyramid
2024-07-30 08:54:27,611:INFO:musica: Modifying Layer 0
2024-07-30 08:54:27,611:INFO:musica: Modifying Layer 1
2024-07-30 08:54:27,611:INFO:musica: Modifying Layer 2
2024-07-30 08:54:27,611:INFO:musica: Modifying Layer 3
2024-07-30 08:54:27,611:INFO:musica: Modifying Layer 4
2024-07-30 08:54:27,611:INFO:musica: Modifying Layer 5
2024-07-30 08:54:27,611:INFO:musica: Modifying Layer 6
2024-07-30 08:54:27,611:INFO:musica: Modifying Layer 7
2024-07-30 08:54:27,611:INFO:musica: Modifying Layer 8
2024-07-30 08:54:27,611:INFO:musica: Modifying Layer 9
2024-07-30 08:54:27,611:INFO:musica: Modifying Layer 10
2024-07-30 08:56:26,703:INFO:musica: Image padded from [146,194] to [256,256]
2024-07-30 08:56:26,715:INFO:musica: Finished creating Gaussian Pyramid
2024-07-30 08:56:26,722:INFO:musica: Finished creating Laplacian pyramid
2024-07-30 08:56:26,722:INFO:musica: Modifying Layer 0
2024-07-30 08:56:26,722:INFO:musica: Modifying Layer 1
2024-07-30 08:56:26,728:INFO:musica: Modifying Layer 2
2024-07-30 08:56:26,728:INFO:musica: Modifying Layer 3
2024-07-30 08:56:26,728:INFO:musica: Modifying Layer 4
2024-07-30 08:56:26,728:INFO:musica: Modifying Layer 5
2024-07-30 08:56:26,728:INFO:musica: Modifying Layer 6
2024-07-30 08:56:26,728:INFO:musica: Modifying Layer 7
2024-07-30 08:56:26,728:INFO:musica: Modifying Layer 8
2024-07-30 08:56:26,728:INFO:musica: Modifying Layer 9
2024-07-30 08:56:37,899:INFO:musica: Image padded from [146,194] to [256,256]
2024-07-30 08:56:37,908:INFO:musica: Finished creating Gaussian Pyramid
2024-07-30 08:56:37,913:INFO:musica: Finished creating Laplacian pyramid
2024-07-30 08:56:37,913:INFO:musica: Modifying Layer 0
2024-07-30 08:56:37,916:INFO:musica: Modifying Layer 1
2024-07-30 08:56:37,916:INFO:musica: Modifying Layer 2
2024-07-30 08:56:37,916:INFO:musica: Modifying Layer 3
2024-07-30 08:56:37,916:INFO:musica: Modifying Layer 4
2024-07-30 08:56:37,916:INFO:musica: Modifying Layer 5
2024-07-30 08:56:37,916:INFO:musica: Modifying Layer 6
2024-07-30 08:56:37,916:INFO:musica: Modifying Layer 7
2024-07-30 08:56:37,916:INFO:musica: Modifying Layer 8
2024-07-30 08:56:37,916:INFO:musica: Modifying Layer 9
2024-07-30 08:56:37,916:INFO:musica: Modifying Layer 10
2024-07-30 09:05:28,869:INFO:musica: Image padded from [2000,2000] to [2048,2048]
2024-07-30 09:05:29,121:INFO:musica: Finished creating Gaussian Pyramid
2024-07-30 09:05:29,509:INFO:musica: Finished creating Laplacian pyramid
2024-07-30 09:05:29,509:INFO:musica: Modifying Layer 0
2024-07-30 09:05:29,774:INFO:musica: Modifying Layer 1
2024-07-30 09:05:29,840:INFO:musica: Modifying Layer 2
2024-07-30 09:05:29,857:INFO:musica: Modifying Layer 3
2024-07-30 09:05:29,857:INFO:musica: Modifying Layer 4
2024-07-30 09:05:29,857:INFO:musica: Modifying Layer 5
2024-07-30 09:05:29,865:INFO:musica: Modifying Layer 6
2024-07-30 09:05:29,865:INFO:musica: Modifying Layer 7
2024-07-30 09:05:29,865:INFO:musica: Modifying Layer 8
2024-07-30 09:05:29,865:INFO:musica: Modifying Layer 9
2024-07-30 09:05:29,865:INFO:musica: Modifying Layer 10
2024-07-30 09:05:30,186:INFO:musica: Finished reconstructing image from modified pyramid
2024-07-30 09:06:35,236:INFO:musica: Image padded from [146,194] to [256,256]
2024-07-30 09:06:35,242:INFO:musica: Finished creating Gaussian Pyramid
2024-07-30 09:06:35,247:INFO:musica: Finished creating Laplacian pyramid
2024-07-30 09:06:35,247:INFO:musica: Modifying Layer 0
2024-07-30 09:06:35,250:INFO:musica: Modifying Layer 1
2024-07-30 09:06:35,250:INFO:musica: Modifying Layer 2
2024-07-30 09:06:35,250:INFO:musica: Modifying Layer 3
2024-07-30 09:06:35,250:INFO:musica: Modifying Layer 4
2024-07-30 09:06:35,250:INFO:musica: Modifying Layer 5
2024-07-30 09:06:35,250:INFO:musica: Modifying Layer 6
2024-07-30 09:06:35,250:INFO:musica: Modifying Layer 7
2024-07-30 09:06:35,250:INFO:musica: Modifying Layer 8
2024-07-30 09:06:35,250:INFO:musica: Modifying Layer 9
2024-07-30 09:06:35,250:INFO:musica: Modifying Layer 10
2024-07-30 09:16:10,697:INFO:musica: Image padded from [146,194] to [256,256]
2024-07-30 09:16:10,704:INFO:musica: Finished creating Gaussian Pyramid
2024-07-30 09:16:10,715:INFO:musica: Finished creating Laplacian pyramid
2024-07-30 09:16:10,715:INFO:musica: Modifying Layer 0
2024-07-30 09:16:10,720:INFO:musica: Modifying Layer 1
2024-07-30 09:16:10,720:INFO:musica: Modifying Layer 2
2024-07-30 09:16:10,720:INFO:musica: Modifying Layer 3
2024-07-30 09:16:10,720:INFO:musica: Modifying Layer 4
2024-07-30 09:16:10,720:INFO:musica: Modifying Layer 5
2024-07-30 09:16:10,720:INFO:musica: Modifying Layer 6
2024-07-30 09:16:10,720:INFO:musica: Modifying Layer 7
2024-07-30 09:16:10,720:INFO:musica: Modifying Layer 8
2024-07-30 09:16:10,720:INFO:musica: Modifying Layer 9
2024-07-30 09:16:10,720:INFO:musica: Modifying Layer 10
2024-07-30 09:16:10,732:INFO:musica: Finished reconstructing image from modified pyramid
2024-07-30 09:24:09,890:INFO:musica: Image padded from [146,194] to [256,256]
2024-07-30 09:24:09,903:INFO:musica: Finished creating Gaussian Pyramid
2024-07-30 09:24:09,908:INFO:musica: Finished creating Laplacian pyramid
2024-07-30 09:24:09,908:INFO:musica: Modifying Layer 0
2024-07-30 09:24:09,915:INFO:musica: Modifying Layer 1
2024-07-30 09:24:09,918:INFO:musica: Modifying Layer 2
2024-07-30 09:24:09,918:INFO:musica: Modifying Layer 3
2024-07-30 09:24:09,918:INFO:musica: Modifying Layer 4
2024-07-30 09:24:09,918:INFO:musica: Modifying Layer 5
2024-07-30 09:24:09,919:INFO:musica: Modifying Layer 6
2024-07-30 09:24:09,919:INFO:musica: Modifying Layer 7
2024-07-30 09:24:09,919:INFO:musica: Modifying Layer 8
2024-07-30 09:24:09,919:INFO:musica: Modifying Layer 9
2024-07-30 09:24:09,919:INFO:musica: Modifying Layer 10
2024-07-30 09:24:09,925:INFO:musica: Finished reconstructing image from modified pyramid
2024-07-31 20:45:24,719:INFO:musica: Image padded from [432,576] to [512,1024]
2024-07-31 20:45:24,742:INFO:musica: Finished creating Gaussian Pyramid
2024-07-31 20:45:24,766:INFO:musica: Finished creating Laplacian pyramid
2024-07-31 20:45:24,766:INFO:musica: Modifying Layer 0
2024-07-31 20:45:24,782:INFO:musica: Modifying Layer 1
2024-07-31 20:45:24,786:INFO:musica: Modifying Layer 2
2024-07-31 20:45:24,787:INFO:musica: Modifying Layer 3
2024-07-31 20:45:24,787:INFO:musica: Modifying Layer 4
2024-07-31 20:45:24,788:INFO:musica: Modifying Layer 5
2024-07-31 20:45:24,788:INFO:musica: Modifying Layer 6
2024-07-31 20:45:24,788:INFO:musica: Modifying Layer 7
2024-07-31 20:45:24,788:INFO:musica: Modifying Layer 8
2024-07-31 20:45:24,788:INFO:musica: Modifying Layer 9
2024-07-31 20:45:24,788:INFO:musica: Modifying Layer 10
2024-07-31 20:45:24,813:INFO:musica: Finished reconstructing image from modified pyramid
2024-07-31 21:48:33,664:INFO:musica: Image padded from [432,576] to [512,1024]
2024-07-31 21:48:33,685:INFO:musica: Finished creating Gaussian Pyramid
2024-07-31 21:48:33,710:INFO:musica: Finished creating Laplacian pyramid
2024-07-31 21:48:33,710:INFO:musica: Modifying Layer 0
2024-07-31 21:48:33,726:INFO:musica: Modifying Layer 1
2024-07-31 21:48:33,729:INFO:musica: Modifying Layer 2
2024-07-31 21:48:33,731:INFO:musica: Modifying Layer 3
2024-07-31 21:48:33,731:INFO:musica: Modifying Layer 4
2024-07-31 21:48:33,731:INFO:musica: Modifying Layer 5
2024-07-31 21:48:33,731:INFO:musica: Modifying Layer 6
2024-07-31 21:48:33,731:INFO:musica: Modifying Layer 7
2024-07-31 21:48:33,731:INFO:musica: Modifying Layer 8
2024-07-31 21:48:33,731:INFO:musica: Modifying Layer 9
2024-07-31 21:48:33,732:INFO:musica: Modifying Layer 10
2024-07-31 21:48:33,757:INFO:musica: Finished reconstructing image from modified pyramid
2024-07-31 21:52:06,127:INFO:musica: Image padded from [605,870] to [1024,1024]
2024-07-31 21:52:06,169:INFO:musica: Finished creating Gaussian Pyramid
2024-07-31 21:52:06,229:INFO:musica: Finished creating Laplacian pyramid
2024-07-31 21:52:06,229:INFO:musica: Modifying Layer 0
2024-07-31 21:52:06,261:INFO:musica: Modifying Layer 1
2024-07-31 21:52:06,269:INFO:musica: Modifying Layer 2
2024-07-31 21:52:06,271:INFO:musica: Modifying Layer 3
2024-07-31 21:52:06,271:INFO:musica: Modifying Layer 4
2024-07-31 21:52:06,271:INFO:musica: Modifying Layer 5
2024-07-31 21:52:06,271:INFO:musica: Modifying Layer 6
2024-07-31 21:52:06,272:INFO:musica: Modifying Layer 7
2024-07-31 21:52:06,272:INFO:musica: Modifying Layer 8
2024-07-31 21:52:06,272:INFO:musica: Modifying Layer 9
2024-07-31 21:52:06,272:INFO:musica: Modifying Layer 10
2024-07-31 21:52:06,330:INFO:musica: Finished reconstructing image from modified pyramid
2024-07-31 21:52:21,117:INFO:musica: Image padded from [605,870] to [1024,1024]
2024-07-31 21:52:21,157:INFO:musica: Finished creating Gaussian Pyramid
2024-07-31 21:52:21,214:INFO:musica: Finished creating Laplacian pyramid
2024-07-31 21:52:21,214:INFO:musica: Modifying Layer 0
2024-07-31 21:52:21,241:INFO:musica: Modifying Layer 1
2024-07-31 21:52:21,249:INFO:musica: Modifying Layer 2
2024-07-31 21:52:21,250:INFO:musica: Modifying Layer 3
2024-07-31 21:52:21,251:INFO:musica: Modifying Layer 4
2024-07-31 21:52:21,251:INFO:musica: Modifying Layer 5
2024-07-31 21:52:21,251:INFO:musica: Modifying Layer 6
2024-07-31 21:52:21,251:INFO:musica: Modifying Layer 7
2024-07-31 21:52:21,251:INFO:musica: Modifying Layer 8
2024-07-31 21:52:21,252:INFO:musica: Modifying Layer 9
2024-07-31 21:52:21,252:INFO:musica: Modifying Layer 10
2024-07-31 21:52:21,308:INFO:musica: Finished reconstructing image from modified pyramid
2024-07-31 21:52:30,265:INFO:musica: Image padded from [605,870] to [1024,1024]
2024-07-31 21:52:30,338:INFO:musica: Finished creating Gaussian Pyramid
2024-07-31 21:52:30,455:INFO:musica: Finished creating Laplacian pyramid
2024-07-31 21:52:30,455:INFO:musica: Modifying Layer 0
2024-07-31 21:52:30,515:INFO:musica: Modifying Layer 1
2024-07-31 21:52:30,531:INFO:musica: Modifying Layer 2
2024-07-31 21:52:30,535:INFO:musica: Modifying Layer 3
2024-07-31 21:52:30,537:INFO:musica: Modifying Layer 4
2024-07-31 21:52:30,537:INFO:musica: Modifying Layer 5
2024-07-31 21:52:30,537:INFO:musica: Modifying Layer 6
2024-07-31 21:52:30,538:INFO:musica: Modifying Layer 7
2024-07-31 21:52:30,538:INFO:musica: Modifying Layer 8
2024-07-31 21:52:30,538:INFO:musica: Modifying Layer 9
2024-07-31 21:52:30,538:INFO:musica: Modifying Layer 10
2024-07-31 21:52:30,652:INFO:musica: Finished reconstructing image from modified pyramid
2024-07-31 21:52:39,750:INFO:musica: Image padded from [605,870] to [1024,1024]
2024-07-31 21:52:39,789:INFO:musica: Finished creating Gaussian Pyramid
2024-07-31 21:52:39,847:INFO:musica: Finished creating Laplacian pyramid
2024-07-31 21:52:39,847:INFO:musica: Modifying Layer 0
2024-07-31 21:52:39,875:INFO:musica: Modifying Layer 1
2024-07-31 21:52:39,882:INFO:musica: Modifying Layer 2
2024-07-31 21:52:39,884:INFO:musica: Modifying Layer 3
2024-07-31 21:52:39,884:INFO:musica: Modifying Layer 4
2024-07-31 21:52:39,885:INFO:musica: Modifying Layer 5
2024-07-31 21:52:39,885:INFO:musica: Modifying Layer 6
2024-07-31 21:52:39,885:INFO:musica: Modifying Layer 7
2024-07-31 21:52:39,885:INFO:musica: Modifying Layer 8
2024-07-31 21:52:39,885:INFO:musica: Modifying Layer 9
2024-07-31 21:52:39,885:INFO:musica: Modifying Layer 10
2024-07-31 21:52:39,942:INFO:musica: Finished reconstructing image from modified pyramid
